<?xml version="1.0" encoding="UTF-8"?>
<testsuite xmlns:xsi="http://www.w3.org/2001/XMLSchema-instance" xsi:noNamespaceSchemaLocation="https://maven.apache.org/surefire/maven-surefire-plugin/xsd/surefire-test-report-3.0.xsd" version="3.0" name="edu.brown.cs.student.scheduler.SchedulerTest" time="0.447" tests="5" errors="0" skipped="0" failures="0">
  <properties>
    <property name="sun.desktop" value="windows"/>
    <property name="awt.toolkit" value="sun.awt.windows.WToolkit"/>
    <property name="java.specification.version" value="11"/>
    <property name="sun.cpu.isalist" value="amd64"/>
    <property name="sun.jnu.encoding" value="Cp1252"/>
    <property name="java.class.path" value="C:\Users\miruy\desktop\juniorcs\term-project\target\test-classes;C:\Users\miruy\desktop\juniorcs\term-project\target\classes;C:\Users\miruy\.m2\repository\net\sf\jopt-simple\jopt-simple\6.0-alpha-3\jopt-simple-6.0-alpha-3.jar;C:\Users\miruy\.m2\repository\junit\junit\4.13\junit-4.13.jar;C:\Users\miruy\.m2\repository\org\hamcrest\hamcrest-core\1.3\hamcrest-core-1.3.jar;C:\Users\miruy\.m2\repository\org\hamcrest\hamcrest-all\1.3\hamcrest-all-1.3.jar;C:\Users\miruy\.m2\repository\org\slf4j\slf4j-api\2.0.0-alpha1\slf4j-api-2.0.0-alpha1.jar;C:\Users\miruy\.m2\repository\com\google\guava\guava\28.2-jre\guava-28.2-jre.jar;C:\Users\miruy\.m2\repository\com\google\guava\failureaccess\1.0.1\failureaccess-1.0.1.jar;C:\Users\miruy\.m2\repository\com\google\guava\listenablefuture\9999.0-empty-to-avoid-conflict-with-guava\listenablefuture-9999.0-empty-to-avoid-conflict-with-guava.jar;C:\Users\miruy\.m2\repository\com\google\code\findbugs\jsr305\3.0.2\jsr305-3.0.2.jar;C:\Users\miruy\.m2\repository\org\checkerframework\checker-qual\2.10.0\checker-qual-2.10.0.jar;C:\Users\miruy\.m2\repository\com\google\errorprone\error_prone_annotations\2.3.4\error_prone_annotations-2.3.4.jar;C:\Users\miruy\.m2\repository\com\google\j2objc\j2objc-annotations\1.3\j2objc-annotations-1.3.jar;C:\Users\miruy\.m2\repository\org\slf4j\slf4j-jdk14\2.0.0-alpha1\slf4j-jdk14-2.0.0-alpha1.jar;C:\Users\miruy\.m2\repository\com\google\code\gson\gson\2.8.6\gson-2.8.6.jar;C:\Users\miruy\.m2\repository\com\sparkjava\spark-core\2.9.1\spark-core-2.9.1.jar;C:\Users\miruy\.m2\repository\org\eclipse\jetty\jetty-server\9.4.18.v20190429\jetty-server-9.4.18.v20190429.jar;C:\Users\miruy\.m2\repository\javax\servlet\javax.servlet-api\3.1.0\javax.servlet-api-3.1.0.jar;C:\Users\miruy\.m2\repository\org\eclipse\jetty\jetty-http\9.4.18.v20190429\jetty-http-9.4.18.v20190429.jar;C:\Users\miruy\.m2\repository\org\eclipse\jetty\jetty-util\9.4.18.v20190429\jetty-util-9.4.18.v20190429.jar;C:\Users\miruy\.m2\repository\org\eclipse\jetty\jetty-io\9.4.18.v20190429\jetty-io-9.4.18.v20190429.jar;C:\Users\miruy\.m2\repository\org\eclipse\jetty\jetty-webapp\9.4.18.v20190429\jetty-webapp-9.4.18.v20190429.jar;C:\Users\miruy\.m2\repository\org\eclipse\jetty\jetty-xml\9.4.18.v20190429\jetty-xml-9.4.18.v20190429.jar;C:\Users\miruy\.m2\repository\org\eclipse\jetty\jetty-servlet\9.4.18.v20190429\jetty-servlet-9.4.18.v20190429.jar;C:\Users\miruy\.m2\repository\org\eclipse\jetty\jetty-security\9.4.18.v20190429\jetty-security-9.4.18.v20190429.jar;C:\Users\miruy\.m2\repository\org\eclipse\jetty\websocket\websocket-server\9.4.18.v20190429\websocket-server-9.4.18.v20190429.jar;C:\Users\miruy\.m2\repository\org\eclipse\jetty\websocket\websocket-common\9.4.18.v20190429\websocket-common-9.4.18.v20190429.jar;C:\Users\miruy\.m2\repository\org\eclipse\jetty\websocket\websocket-client\9.4.18.v20190429\websocket-client-9.4.18.v20190429.jar;C:\Users\miruy\.m2\repository\org\eclipse\jetty\jetty-client\9.4.18.v20190429\jetty-client-9.4.18.v20190429.jar;C:\Users\miruy\.m2\repository\org\eclipse\jetty\websocket\websocket-servlet\9.4.18.v20190429\websocket-servlet-9.4.18.v20190429.jar;C:\Users\miruy\.m2\repository\org\eclipse\jetty\websocket\websocket-api\9.4.18.v20190429\websocket-api-9.4.18.v20190429.jar;C:\Users\miruy\.m2\repository\com\sparkjava\spark-template-freemarker\2.7.1\spark-template-freemarker-2.7.1.jar;C:\Users\miruy\.m2\repository\org\freemarker\freemarker\2.3.26-incubating\freemarker-2.3.26-incubating.jar;C:\Users\miruy\.m2\repository\org\xerial\sqlite-jdbc\3.30.1\sqlite-jdbc-3.30.1.jar;C:\Users\miruy\.m2\repository\commons-codec\commons-codec\1.15\commons-codec-1.15.jar;C:\Users\miruy\.m2\repository\org\mindrot\jbcrypt\0.4\jbcrypt-0.4.jar;C:\Users\miruy\.m2\repository\com\vaadin\external\google\android-json\0.0.20131108.vaadin1\android-json-0.0.20131108.vaadin1.jar;"/>
    <property name="java.vm.vendor" value="Oracle Corporation"/>
    <property name="sun.arch.data.model" value="64"/>
    <property name="user.variant" value=""/>
    <property name="java.vendor.url" value="https://openjdk.java.net/"/>
    <property name="user.timezone" value="America/New_York"/>
    <property name="java.vm.specification.version" value="11"/>
    <property name="os.name" value="Windows 10"/>
    <property name="sun.java.launcher" value="SUN_STANDARD"/>
    <property name="user.country" value="US"/>
    <property name="sun.boot.library.path" value="C:\Program Files\Java\jdk-11.0.10\bin"/>
    <property name="sun.java.command" value="C:\Users\miruy\AppData\Local\Temp\surefire10983914847460955208\surefirebooter591205314092058700.jar C:\Users\miruy\AppData\Local\Temp\surefire10983914847460955208 2021-04-11T19-11-33_232-jvmRun1 surefire2573826431870392916tmp surefire_016712698926385772228tmp"/>
    <property name="jdk.debug" value="release"/>
    <property name="surefire.test.class.path" value="C:\Users\miruy\desktop\juniorcs\term-project\target\test-classes;C:\Users\miruy\desktop\juniorcs\term-project\target\classes;C:\Users\miruy\.m2\repository\net\sf\jopt-simple\jopt-simple\6.0-alpha-3\jopt-simple-6.0-alpha-3.jar;C:\Users\miruy\.m2\repository\junit\junit\4.13\junit-4.13.jar;C:\Users\miruy\.m2\repository\org\hamcrest\hamcrest-core\1.3\hamcrest-core-1.3.jar;C:\Users\miruy\.m2\repository\org\hamcrest\hamcrest-all\1.3\hamcrest-all-1.3.jar;C:\Users\miruy\.m2\repository\org\slf4j\slf4j-api\2.0.0-alpha1\slf4j-api-2.0.0-alpha1.jar;C:\Users\miruy\.m2\repository\com\google\guava\guava\28.2-jre\guava-28.2-jre.jar;C:\Users\miruy\.m2\repository\com\google\guava\failureaccess\1.0.1\failureaccess-1.0.1.jar;C:\Users\miruy\.m2\repository\com\google\guava\listenablefuture\9999.0-empty-to-avoid-conflict-with-guava\listenablefuture-9999.0-empty-to-avoid-conflict-with-guava.jar;C:\Users\miruy\.m2\repository\com\google\code\findbugs\jsr305\3.0.2\jsr305-3.0.2.jar;C:\Users\miruy\.m2\repository\org\checkerframework\checker-qual\2.10.0\checker-qual-2.10.0.jar;C:\Users\miruy\.m2\repository\com\google\errorprone\error_prone_annotations\2.3.4\error_prone_annotations-2.3.4.jar;C:\Users\miruy\.m2\repository\com\google\j2objc\j2objc-annotations\1.3\j2objc-annotations-1.3.jar;C:\Users\miruy\.m2\repository\org\slf4j\slf4j-jdk14\2.0.0-alpha1\slf4j-jdk14-2.0.0-alpha1.jar;C:\Users\miruy\.m2\repository\com\google\code\gson\gson\2.8.6\gson-2.8.6.jar;C:\Users\miruy\.m2\repository\com\sparkjava\spark-core\2.9.1\spark-core-2.9.1.jar;C:\Users\miruy\.m2\repository\org\eclipse\jetty\jetty-server\9.4.18.v20190429\jetty-server-9.4.18.v20190429.jar;C:\Users\miruy\.m2\repository\javax\servlet\javax.servlet-api\3.1.0\javax.servlet-api-3.1.0.jar;C:\Users\miruy\.m2\repository\org\eclipse\jetty\jetty-http\9.4.18.v20190429\jetty-http-9.4.18.v20190429.jar;C:\Users\miruy\.m2\repository\org\eclipse\jetty\jetty-util\9.4.18.v20190429\jetty-util-9.4.18.v20190429.jar;C:\Users\miruy\.m2\repository\org\eclipse\jetty\jetty-io\9.4.18.v20190429\jetty-io-9.4.18.v20190429.jar;C:\Users\miruy\.m2\repository\org\eclipse\jetty\jetty-webapp\9.4.18.v20190429\jetty-webapp-9.4.18.v20190429.jar;C:\Users\miruy\.m2\repository\org\eclipse\jetty\jetty-xml\9.4.18.v20190429\jetty-xml-9.4.18.v20190429.jar;C:\Users\miruy\.m2\repository\org\eclipse\jetty\jetty-servlet\9.4.18.v20190429\jetty-servlet-9.4.18.v20190429.jar;C:\Users\miruy\.m2\repository\org\eclipse\jetty\jetty-security\9.4.18.v20190429\jetty-security-9.4.18.v20190429.jar;C:\Users\miruy\.m2\repository\org\eclipse\jetty\websocket\websocket-server\9.4.18.v20190429\websocket-server-9.4.18.v20190429.jar;C:\Users\miruy\.m2\repository\org\eclipse\jetty\websocket\websocket-common\9.4.18.v20190429\websocket-common-9.4.18.v20190429.jar;C:\Users\miruy\.m2\repository\org\eclipse\jetty\websocket\websocket-client\9.4.18.v20190429\websocket-client-9.4.18.v20190429.jar;C:\Users\miruy\.m2\repository\org\eclipse\jetty\jetty-client\9.4.18.v20190429\jetty-client-9.4.18.v20190429.jar;C:\Users\miruy\.m2\repository\org\eclipse\jetty\websocket\websocket-servlet\9.4.18.v20190429\websocket-servlet-9.4.18.v20190429.jar;C:\Users\miruy\.m2\repository\org\eclipse\jetty\websocket\websocket-api\9.4.18.v20190429\websocket-api-9.4.18.v20190429.jar;C:\Users\miruy\.m2\repository\com\sparkjava\spark-template-freemarker\2.7.1\spark-template-freemarker-2.7.1.jar;C:\Users\miruy\.m2\repository\org\freemarker\freemarker\2.3.26-incubating\freemarker-2.3.26-incubating.jar;C:\Users\miruy\.m2\repository\org\xerial\sqlite-jdbc\3.30.1\sqlite-jdbc-3.30.1.jar;C:\Users\miruy\.m2\repository\commons-codec\commons-codec\1.15\commons-codec-1.15.jar;C:\Users\miruy\.m2\repository\org\mindrot\jbcrypt\0.4\jbcrypt-0.4.jar;C:\Users\miruy\.m2\repository\com\vaadin\external\google\android-json\0.0.20131108.vaadin1\android-json-0.0.20131108.vaadin1.jar;"/>
    <property name="sun.cpu.endian" value="little"/>
    <property name="user.home" value="C:\Users\miruy"/>
    <property name="user.language" value="en"/>
    <property name="java.specification.vendor" value="Oracle Corporation"/>
    <property name="java.version.date" value="2021-01-19"/>
    <property name="java.home" value="C:\Program Files\Java\jdk-11.0.10"/>
    <property name="file.separator" value="\"/>
    <property name="basedir" value="C:\Users\miruy\desktop\juniorcs\term-project"/>
    <property name="java.vm.compressedOopsMode" value="Zero based"/>
    <property name="line.separator" value="&#10;"/>
    <property name="java.specification.name" value="Java Platform API Specification"/>
    <property name="java.vm.specification.vendor" value="Oracle Corporation"/>
    <property name="java.awt.graphicsenv" value="sun.awt.Win32GraphicsEnvironment"/>
    <property name="surefire.real.class.path" value="C:\Users\miruy\AppData\Local\Temp\surefire10983914847460955208\surefirebooter591205314092058700.jar"/>
    <property name="user.script" value=""/>
    <property name="sun.management.compiler" value="HotSpot 64-Bit Tiered Compilers"/>
    <property name="java.runtime.version" value="11.0.10+8-LTS-162"/>
    <property name="user.name" value="miruy"/>
    <property name="path.separator" value=";"/>
    <property name="os.version" value="10.0"/>
    <property name="java.runtime.name" value="Java(TM) SE Runtime Environment"/>
    <property name="file.encoding" value="Cp1252"/>
    <property name="java.vm.name" value="Java HotSpot(TM) 64-Bit Server VM"/>
    <property name="java.vendor.version" value="18.9"/>
    <property name="localRepository" value="C:\Users\miruy\.m2\repository"/>
    <property name="java.vendor.url.bug" value="https://bugreport.java.com/bugreport/"/>
    <property name="java.io.tmpdir" value="C:\Users\miruy\AppData\Local\Temp\"/>
    <property name="java.version" value="11.0.10"/>
    <property name="user.dir" value="C:\Users\miruy\desktop\juniorcs\term-project"/>
    <property name="os.arch" value="amd64"/>
    <property name="java.vm.specification.name" value="Java Virtual Machine Specification"/>
    <property name="java.awt.printerjob" value="sun.awt.windows.WPrinterJob"/>
    <property name="sun.os.patch.level" value=""/>
    <property name="java.library.path" value="C:\Program Files\Java\jdk-11.0.10\bin;C:\WINDOWS\Sun\Java\bin;C:\WINDOWS\system32;C:\WINDOWS;C:\Users\miruy\bin;C:\Program Files\Git\mingw64\bin;C:\Program Files\Git\usr\local\bin;C:\Program Files\Git\usr\bin;C:\Program Files\Git\usr\bin;C:\Program Files\Git\mingw64\bin;C:\Program Files\Git\usr\bin;C:\Users\miruy\bin;C:\Program Files\Java\jdk-11.0.10\bin;C:\Program Files\Common Files\Oracle\Java\javapath;C:\Program Files\NVIDIA GPU Computing Toolkit\CUDA\v10.1\bin;C:\Program Files\NVIDIA GPU Computing Toolkit\CUDA\v10.1\libnvvp;C:\Program Files (x86)\Common Files\Intel\Shared Libraries\redist\intel64\compiler;C:\Windows\system32;C:\Windows;C:\Windows\System32\Wbem;C:\Windows\System32\WindowsPowerShell\v1.0;C:\Windows\System32\OpenSSH;C:\Program Files\Intel\WiFi\bin;C:\Program Files\Common Files\Intel\WirelessCommon;C:\Program Files (x86)\NVIDIA Corporation\PhysX\Common;C:\Program Files\NVIDIA Corporation\NVIDIA NvDLISR;C:\WINDOWS\system32;C:\WINDOWS;C:\WINDOWS\System32\Wbem;C:\WINDOWS\System32\WindowsPowerShell\v1.0;C:\WINDOWS\System32\OpenSSH;C:\ProgramData\chocolatey\bin;C:\Program Files\Git\cmd;C:\Program Files\NVIDIA Corporation\Nsight Compute 2019.4.0;C:\Program Files (x86)\Calibre2;C:\Users\miruy\Downloads\apache-maven-3.6.3-bin\apache-maven-3.6.3\bin;C:\Program Files\Docker\Docker\resources\bin;C:\ProgramData\DockerDesktop\version-bin;C:\Program Files\nodejs;C:\Python27;C:\Users\miruy\AppData\Local\Programs\Python\Python37\Scripts;C:\Users\miruy\AppData\Local\Programs\Python\Python37;C:\Users\miruy\AppData\Local\Microsoft\WindowsApps;C:\Program Files\Intel\WiFi\bin;C:\Program Files\Common Files\Intel\WirelessCommon;C:\Users\miruy\AppData\Local\atom\bin;C:\Users\miruy\AppData\Local\Microsoft\WindowsApps;C:\Program Files\heroku\bin;C:\Users\miruy\AppData\Local\GitHubDesktop\bin;C:\Users\miruy\AppData\Local\Programs\Microsoft VS Code\bin;C:\Users\miruy\AppData\Roaming\npm;C:\Program Files\Git\usr\bin\vendor_perl;C:\Program Files\Git\usr\bin\core_perl;."/>
    <property name="java.vendor" value="Oracle Corporation"/>
    <property name="java.vm.info" value="mixed mode"/>
    <property name="java.vm.version" value="11.0.10+8-LTS-162"/>
    <property name="sun.io.unicode.encoding" value="UnicodeLittle"/>
    <property name="java.class.version" value="55.0"/>
  </properties>
  <testcase name="testEmptySchedule" classname="edu.brown.cs.student.scheduler.SchedulerTest" time="0.016"/>
  <testcase name="testOneTask" classname="edu.brown.cs.student.scheduler.SchedulerTest" time="0.359"/>
  <testcase name="testOneCommitment" classname="edu.brown.cs.student.scheduler.SchedulerTest" time="0.001"/>
  <testcase name="testTwoTimeBins" classname="edu.brown.cs.student.scheduler.SchedulerTest" time="0.001"/>
  <testcase name="twoTasks" classname="edu.brown.cs.student.scheduler.SchedulerTest" time="0"/>
</testsuite>